<?xml version="1.0" encoding="UTF-8" ?>
<!DOCTYPE mapper
  PUBLIC "-//mybatis.org//DTD Mapper 3.0//EN"
  "https://mybatis.org/dtd/mybatis-3-mapper.dtd">
<mapper namespace="Mbj">
	<select id="dual" resultType="Integer">
		select 1 from dual
	</select>
	<select id="voselect" resultType="mbj.MbjVO">
		select 'dbfield1' field1, 999
		field from dual
	</select>

	<select id="selectwhere1" resultType="String">
		select name from customer
		where id = #{asdasd}
	</select>
	<select id="selectwhere2" resultType="customer.CustomerVO">
		select * from customer
		where id = #{id} and name = #{name}
	</select>
	<select id="selectwhere3" resultType="customer.CustomerVO">
		select * from customer
		where id > #{asdsad}
	</select>
	<select id="mapselect" resultType="String">
		select jumin_num from
		korea_people where jumin_num = #{jumin_num} and name =
		#{name}
	</select>
</mapper>